{"C:\\Users\\aloks\\URL-Shortener\\backend\\connect.js": {"path":"C:\\Users\\aloks\\URL-Shortener\\backend\\connect.js","statementMap":{"0":{"start":{"line":4,"column":2},"end":{"line":4,"column":31}}},"fnMap":{"0":{"name":"connectToMongoDB","decl":{"start":{"line":3,"column":15},"end":{"line":3,"column":31}},"loc":{"start":{"line":3,"column":37},"end":{"line":5,"column":1}},"line":3}},"branchMap":{},"s":{"0":1},"f":{"0":1},"b":{},"inputSourceMap":null,"_coverageSchema":"1a1c01bbd47fc00a2c39e90264f33305004495a9","hash":"ec32c3191fed41250e584c8c938220794dff14fa"}
,"C:\\Users\\aloks\\URL-Shortener\\backend\\index.js": {"path":"C:\\Users\\aloks\\URL-Shortener\\backend\\index.js","statementMap":{"0":{"start":{"line":14,"column":0},"end":{"line":14,"column":16}},"1":{"start":{"line":16,"column":12},"end":{"line":16,"column":21}},"2":{"start":{"line":17,"column":13},"end":{"line":17,"column":37}},"3":{"start":{"line":20,"column":0},"end":{"line":22,"column":51}},"4":{"start":{"line":21,"column":14},"end":{"line":21,"column":46}},"5":{"start":{"line":22,"column":18},"end":{"line":22,"column":49}},"6":{"start":{"line":24,"column":0},"end":{"line":24,"column":15}},"7":{"start":{"line":27,"column":0},"end":{"line":27,"column":18}},"8":{"start":{"line":28,"column":0},"end":{"line":28,"column":16}},"9":{"start":{"line":29,"column":0},"end":{"line":29,"column":24}},"10":{"start":{"line":30,"column":0},"end":{"line":30,"column":49}},"11":{"start":{"line":31,"column":0},"end":{"line":35,"column":1}},"12":{"start":{"line":32,"column":2},"end":{"line":32,"column":31}},"13":{"start":{"line":33,"column":7},"end":{"line":35,"column":1}},"14":{"start":{"line":34,"column":2},"end":{"line":34,"column":39}},"15":{"start":{"line":38,"column":0},"end":{"line":38,"column":31}},"16":{"start":{"line":39,"column":0},"end":{"line":39,"column":29}},"17":{"start":{"line":42,"column":0},"end":{"line":42,"column":22}},"18":{"start":{"line":45,"column":0},"end":{"line":49,"column":1}},"19":{"start":{"line":46,"column":2},"end":{"line":48,"column":5}},"20":{"start":{"line":47,"column":4},"end":{"line":47,"column":65}}},"fnMap":{"0":{"name":"(anonymous_0)","decl":{"start":{"line":21,"column":8},"end":{"line":21,"column":9}},"loc":{"start":{"line":21,"column":14},"end":{"line":21,"column":46}},"line":21},"1":{"name":"(anonymous_1)","decl":{"start":{"line":22,"column":9},"end":{"line":22,"column":10}},"loc":{"start":{"line":22,"column":18},"end":{"line":22,"column":49}},"line":22},"2":{"name":"(anonymous_2)","decl":{"start":{"line":46,"column":19},"end":{"line":46,"column":20}},"loc":{"start":{"line":46,"column":25},"end":{"line":48,"column":3}},"line":46}},"branchMap":{"0":{"loc":{"start":{"line":17,"column":13},"end":{"line":17,"column":37}},"type":"binary-expr","locations":[{"start":{"line":17,"column":13},"end":{"line":17,"column":29}},{"start":{"line":17,"column":33},"end":{"line":17,"column":37}}],"line":17},"1":{"loc":{"start":{"line":20,"column":17},"end":{"line":20,"column":81}},"type":"binary-expr","locations":[{"start":{"line":20,"column":17},"end":{"line":20,"column":40}},{"start":{"line":20,"column":44},"end":{"line":20,"column":81}}],"line":20},"2":{"loc":{"start":{"line":31,"column":0},"end":{"line":35,"column":1}},"type":"if","locations":[{"start":{"line":31,"column":0},"end":{"line":35,"column":1}},{"start":{"line":33,"column":7},"end":{"line":35,"column":1}}],"line":31},"3":{"loc":{"start":{"line":31,"column":4},"end":{"line":31,"column":34}},"type":"binary-expr","locations":[{"start":{"line":31,"column":4},"end":{"line":31,"column":13}},{"start":{"line":31,"column":17},"end":{"line":31,"column":34}}],"line":31},"4":{"loc":{"start":{"line":33,"column":7},"end":{"line":35,"column":1}},"type":"if","locations":[{"start":{"line":33,"column":7},"end":{"line":35,"column":1}},{"start":{},"end":{}}],"line":33},"5":{"loc":{"start":{"line":33,"column":11},"end":{"line":33,"column":70}},"type":"binary-expr","locations":[{"start":{"line":33,"column":11},"end":{"line":33,"column":20}},{"start":{"line":33,"column":24},"end":{"line":33,"column":41}},{"start":{"line":33,"column":45},"end":{"line":33,"column":70}}],"line":33},"6":{"loc":{"start":{"line":45,"column":0},"end":{"line":49,"column":1}},"type":"if","locations":[{"start":{"line":45,"column":0},"end":{"line":49,"column":1}},{"start":{},"end":{}}],"line":45}},"s":{"0":1,"1":1,"2":1,"3":1,"4":0,"5":0,"6":1,"7":1,"8":1,"9":1,"10":1,"11":1,"12":0,"13":1,"14":0,"15":1,"16":1,"17":1,"18":1,"19":0,"20":0},"f":{"0":0,"1":0,"2":0},"b":{"0":[1,0],"1":[1,0],"2":[0,1],"3":[1,1],"4":[0,1],"5":[1,1,0],"6":[0,1]},"inputSourceMap":null,"_coverageSchema":"1a1c01bbd47fc00a2c39e90264f33305004495a9","hash":"ab17a3568b62a6df4a436b7005bb9db270426552"}
,"C:\\Users\\aloks\\URL-Shortener\\backend\\redis.js": {"path":"C:\\Users\\aloks\\URL-Shortener\\backend\\redis.js","statementMap":{"0":{"start":{"line":3,"column":0},"end":{"line":3,"column":16}},"1":{"start":{"line":5,"column":20},"end":{"line":7,"column":2}},"2":{"start":{"line":9,"column":0},"end":{"line":9,"column":73}},"3":{"start":{"line":9,"column":33},"end":{"line":9,"column":71}},"4":{"start":{"line":10,"column":0},"end":{"line":10,"column":71}},"5":{"start":{"line":10,"column":32},"end":{"line":10,"column":69}},"6":{"start":{"line":13,"column":28},"end":{"line":19,"column":1}},"7":{"start":{"line":14,"column":4},"end":{"line":18,"column":5}},"8":{"start":{"line":15,"column":8},"end":{"line":15,"column":36}},"9":{"start":{"line":17,"column":8},"end":{"line":17,"column":57}}},"fnMap":{"0":{"name":"(anonymous_0)","decl":{"start":{"line":9,"column":24},"end":{"line":9,"column":25}},"loc":{"start":{"line":9,"column":33},"end":{"line":9,"column":71}},"line":9},"1":{"name":"(anonymous_1)","decl":{"start":{"line":10,"column":26},"end":{"line":10,"column":27}},"loc":{"start":{"line":10,"column":32},"end":{"line":10,"column":69}},"line":10},"2":{"name":"(anonymous_2)","decl":{"start":{"line":13,"column":28},"end":{"line":13,"column":29}},"loc":{"start":{"line":13,"column":40},"end":{"line":19,"column":1}},"line":13}},"branchMap":{"0":{"loc":{"start":{"line":6,"column":7},"end":{"line":6,"column":56}},"type":"binary-expr","locations":[{"start":{"line":6,"column":7},"end":{"line":6,"column":28}},{"start":{"line":6,"column":32},"end":{"line":6,"column":56}}],"line":6}},"s":{"0":1,"1":1,"2":1,"3":7,"4":1,"5":0,"6":1,"7":1,"8":1,"9":0},"f":{"0":7,"1":0,"2":1},"b":{"0":[1,0]},"inputSourceMap":null,"_coverageSchema":"1a1c01bbd47fc00a2c39e90264f33305004495a9","hash":"e17d466d61bd9bfb2505ef3ac785b7d8e2536d75"}
,"C:\\Users\\aloks\\URL-Shortener\\backend\\controllers\\urlController.js": {"path":"C:\\Users\\aloks\\URL-Shortener\\backend\\controllers\\urlController.js","statementMap":{"0":{"start":{"line":3,"column":29},"end":{"line":19,"column":1}},"1":{"start":{"line":4,"column":2},"end":{"line":18,"column":3}},"2":{"start":{"line":5,"column":41},"end":{"line":5,"column":49}},"3":{"start":{"line":6,"column":19},"end":{"line":6,"column":65}},"4":{"start":{"line":8,"column":4},"end":{"line":15,"column":7}},"5":{"start":{"line":17,"column":4},"end":{"line":17,"column":16}},"6":{"start":{"line":21,"column":30},"end":{"line":43,"column":1}},"7":{"start":{"line":22,"column":2},"end":{"line":42,"column":3}},"8":{"start":{"line":23,"column":26},"end":{"line":23,"column":36}},"9":{"start":{"line":25,"column":20},"end":{"line":29,"column":5}},"10":{"start":{"line":31,"column":24},"end":{"line":31,"column":65}},"11":{"start":{"line":32,"column":4},"end":{"line":32,"column":35}},"12":{"start":{"line":35,"column":4},"end":{"line":37,"column":5}},"13":{"start":{"line":36,"column":7},"end":{"line":36,"column":52}},"14":{"start":{"line":38,"column":4},"end":{"line":40,"column":5}},"15":{"start":{"line":39,"column":7},"end":{"line":39,"column":60}},"16":{"start":{"line":41,"column":4},"end":{"line":41,"column":16}},"17":{"start":{"line":45,"column":30},"end":{"line":58,"column":1}},"18":{"start":{"line":46,"column":2},"end":{"line":57,"column":3}},"19":{"start":{"line":47,"column":26},"end":{"line":47,"column":36}},"20":{"start":{"line":48,"column":18},"end":{"line":48,"column":50}},"21":{"start":{"line":50,"column":4},"end":{"line":53,"column":7}},"22":{"start":{"line":56,"column":4},"end":{"line":56,"column":16}},"23":{"start":{"line":60,"column":28},"end":{"line":73,"column":1}},"24":{"start":{"line":61,"column":2},"end":{"line":72,"column":3}},"25":{"start":{"line":62,"column":26},"end":{"line":62,"column":36}},"26":{"start":{"line":63,"column":4},"end":{"line":63,"column":36}},"27":{"start":{"line":65,"column":4},"end":{"line":68,"column":7}},"28":{"start":{"line":71,"column":4},"end":{"line":71,"column":16}},"29":{"start":{"line":75,"column":28},"end":{"line":90,"column":1}},"30":{"start":{"line":76,"column":2},"end":{"line":89,"column":3}},"31":{"start":{"line":77,"column":26},"end":{"line":77,"column":36}},"32":{"start":{"line":78,"column":20},"end":{"line":78,"column":28}},"33":{"start":{"line":80,"column":23},"end":{"line":80,"column":63}},"34":{"start":{"line":82,"column":4},"end":{"line":85,"column":7}},"35":{"start":{"line":88,"column":4},"end":{"line":88,"column":16}}},"fnMap":{"0":{"name":"(anonymous_0)","decl":{"start":{"line":3,"column":29},"end":{"line":3,"column":30}},"loc":{"start":{"line":3,"column":55},"end":{"line":19,"column":1}},"line":3},"1":{"name":"(anonymous_1)","decl":{"start":{"line":21,"column":30},"end":{"line":21,"column":31}},"loc":{"start":{"line":21,"column":56},"end":{"line":43,"column":1}},"line":21},"2":{"name":"(anonymous_2)","decl":{"start":{"line":45,"column":30},"end":{"line":45,"column":31}},"loc":{"start":{"line":45,"column":56},"end":{"line":58,"column":1}},"line":45},"3":{"name":"(anonymous_3)","decl":{"start":{"line":60,"column":28},"end":{"line":60,"column":29}},"loc":{"start":{"line":60,"column":54},"end":{"line":73,"column":1}},"line":60},"4":{"name":"(anonymous_4)","decl":{"start":{"line":75,"column":28},"end":{"line":75,"column":29}},"loc":{"start":{"line":75,"column":54},"end":{"line":90,"column":1}},"line":75}},"branchMap":{"0":{"loc":{"start":{"line":26,"column":10},"end":{"line":26,"column":48}},"type":"binary-expr","locations":[{"start":{"line":26,"column":10},"end":{"line":26,"column":16}},{"start":{"line":26,"column":20},"end":{"line":26,"column":48}}],"line":26},"1":{"loc":{"start":{"line":27,"column":17},"end":{"line":27,"column":55}},"type":"binary-expr","locations":[{"start":{"line":27,"column":17},"end":{"line":27,"column":42}},{"start":{"line":27,"column":46},"end":{"line":27,"column":55}}],"line":27},"2":{"loc":{"start":{"line":28,"column":15},"end":{"line":28,"column":76}},"type":"binary-expr","locations":[{"start":{"line":28,"column":15},"end":{"line":28,"column":37}},{"start":{"line":28,"column":41},"end":{"line":28,"column":64}},{"start":{"line":28,"column":68},"end":{"line":28,"column":76}}],"line":28},"3":{"loc":{"start":{"line":35,"column":4},"end":{"line":37,"column":5}},"type":"if","locations":[{"start":{"line":35,"column":4},"end":{"line":37,"column":5}},{"start":{},"end":{}}],"line":35},"4":{"loc":{"start":{"line":38,"column":4},"end":{"line":40,"column":5}},"type":"if","locations":[{"start":{"line":38,"column":4},"end":{"line":40,"column":5}},{"start":{},"end":{}}],"line":38}},"s":{"0":1,"1":0,"2":0,"3":0,"4":0,"5":0,"6":1,"7":0,"8":0,"9":0,"10":0,"11":0,"12":0,"13":0,"14":0,"15":0,"16":0,"17":1,"18":0,"19":0,"20":0,"21":0,"22":0,"23":1,"24":0,"25":0,"26":0,"27":0,"28":0,"29":1,"30":0,"31":0,"32":0,"33":0,"34":0,"35":0},"f":{"0":0,"1":0,"2":0,"3":0,"4":0},"b":{"0":[0,0],"1":[0,0],"2":[0,0,0],"3":[0,0],"4":[0,0]},"inputSourceMap":null,"_coverageSchema":"1a1c01bbd47fc00a2c39e90264f33305004495a9","hash":"9ffa661bac848c141c4f810e73fdaa22eb0de664"}
,"C:\\Users\\aloks\\URL-Shortener\\backend\\middlewares\\errorHandler.js": {"path":"C:\\Users\\aloks\\URL-Shortener\\backend\\middlewares\\errorHandler.js","statementMap":{"0":{"start":{"line":1,"column":28},"end":{"line":11,"column":1}},"1":{"start":{"line":2,"column":2},"end":{"line":2,"column":46}},"2":{"start":{"line":4,"column":21},"end":{"line":4,"column":42}},"3":{"start":{"line":5,"column":18},"end":{"line":5,"column":56}},"4":{"start":{"line":7,"column":2},"end":{"line":10,"column":5}},"5":{"start":{"line":15,"column":4},"end":{"line":15,"column":19}},"6":{"start":{"line":16,"column":4},"end":{"line":16,"column":33}}},"fnMap":{"0":{"name":"(anonymous_0)","decl":{"start":{"line":1,"column":28},"end":{"line":1,"column":29}},"loc":{"start":{"line":1,"column":53},"end":{"line":11,"column":1}},"line":1},"1":{"name":"(anonymous_1)","decl":{"start":{"line":14,"column":2},"end":{"line":14,"column":3}},"loc":{"start":{"line":14,"column":35},"end":{"line":17,"column":3}},"line":14}},"branchMap":{"0":{"loc":{"start":{"line":2,"column":26},"end":{"line":2,"column":44}},"type":"binary-expr","locations":[{"start":{"line":2,"column":26},"end":{"line":2,"column":37}},{"start":{"line":2,"column":41},"end":{"line":2,"column":44}}],"line":2},"1":{"loc":{"start":{"line":4,"column":21},"end":{"line":4,"column":42}},"type":"binary-expr","locations":[{"start":{"line":4,"column":21},"end":{"line":4,"column":35}},{"start":{"line":4,"column":39},"end":{"line":4,"column":42}}],"line":4},"2":{"loc":{"start":{"line":5,"column":18},"end":{"line":5,"column":56}},"type":"binary-expr","locations":[{"start":{"line":5,"column":18},"end":{"line":5,"column":29}},{"start":{"line":5,"column":33},"end":{"line":5,"column":56}}],"line":5}},"s":{"0":1,"1":0,"2":0,"3":0,"4":0,"5":0,"6":0},"f":{"0":0,"1":0},"b":{"0":[0,0],"1":[0,0],"2":[0,0]},"inputSourceMap":null,"_coverageSchema":"1a1c01bbd47fc00a2c39e90264f33305004495a9","hash":"4f5786dbda5b22809e87c788c37026300ab2efcb"}
,"C:\\Users\\aloks\\URL-Shortener\\backend\\middlewares\\rateLimiter.js": {"path":"C:\\Users\\aloks\\URL-Shortener\\backend\\middlewares\\rateLimiter.js","statementMap":{"0":{"start":{"line":5,"column":30},"end":{"line":12,"column":2}},"1":{"start":{"line":10,"column":30},"end":{"line":10,"column":59}},"2":{"start":{"line":14,"column":31},"end":{"line":21,"column":2}},"3":{"start":{"line":19,"column":30},"end":{"line":19,"column":59}}},"fnMap":{"0":{"name":"(anonymous_0)","decl":{"start":{"line":10,"column":17},"end":{"line":10,"column":18}},"loc":{"start":{"line":10,"column":30},"end":{"line":10,"column":59}},"line":10},"1":{"name":"(anonymous_1)","decl":{"start":{"line":19,"column":17},"end":{"line":19,"column":18}},"loc":{"start":{"line":19,"column":30},"end":{"line":19,"column":59}},"line":19}},"branchMap":{},"s":{"0":1,"1":2,"2":1,"3":2},"f":{"0":2,"1":2},"b":{},"inputSourceMap":null,"_coverageSchema":"1a1c01bbd47fc00a2c39e90264f33305004495a9","hash":"ce8b6ac240b88142035b7ad185b02b0a9e10e4e4"}
,"C:\\Users\\aloks\\URL-Shortener\\backend\\models\\Click.js": {"path":"C:\\Users\\aloks\\URL-Shortener\\backend\\models\\Click.js","statementMap":{"0":{"start":{"line":3,"column":20},"end":{"line":17,"column":2}},"1":{"start":{"line":19,"column":14},"end":{"line":19,"column":50}}},"fnMap":{},"branchMap":{},"s":{"0":1,"1":1},"f":{},"b":{},"inputSourceMap":null,"_coverageSchema":"1a1c01bbd47fc00a2c39e90264f33305004495a9","hash":"cf58e0e841eed6db2f02e9e350429f546555f89c"}
,"C:\\Users\\aloks\\URL-Shortener\\backend\\models\\Url.js": {"path":"C:\\Users\\aloks\\URL-Shortener\\backend\\models\\Url.js","statementMap":{"0":{"start":{"line":3,"column":18},"end":{"line":31,"column":24}},"1":{"start":{"line":33,"column":12},"end":{"line":33,"column":44}}},"fnMap":{},"branchMap":{},"s":{"0":1,"1":1},"f":{},"b":{},"inputSourceMap":null,"_coverageSchema":"1a1c01bbd47fc00a2c39e90264f33305004495a9","hash":"32374c856925f89f070e82f1b6765ec14743a931"}
,"C:\\Users\\aloks\\URL-Shortener\\backend\\routes\\apiRoutes.js": {"path":"C:\\Users\\aloks\\URL-Shortener\\backend\\routes\\apiRoutes.js","statementMap":{"0":{"start":{"line":5,"column":15},"end":{"line":5,"column":31}},"1":{"start":{"line":7,"column":0},"end":{"line":7,"column":55}},"2":{"start":{"line":8,"column":0},"end":{"line":8,"column":48}},"3":{"start":{"line":9,"column":0},"end":{"line":9,"column":43}},"4":{"start":{"line":10,"column":0},"end":{"line":10,"column":42}}},"fnMap":{},"branchMap":{},"s":{"0":1,"1":1,"2":1,"3":1,"4":1},"f":{},"b":{},"inputSourceMap":null,"_coverageSchema":"1a1c01bbd47fc00a2c39e90264f33305004495a9","hash":"8cbc0c3cedee5cdb164acaafe1b9eb639747aaa7"}
,"C:\\Users\\aloks\\URL-Shortener\\backend\\routes\\redirectRoutes.js": {"path":"C:\\Users\\aloks\\URL-Shortener\\backend\\routes\\redirectRoutes.js","statementMap":{"0":{"start":{"line":5,"column":15},"end":{"line":5,"column":31}},"1":{"start":{"line":7,"column":0},"end":{"line":7,"column":59}}},"fnMap":{},"branchMap":{},"s":{"0":1,"1":1},"f":{},"b":{},"inputSourceMap":null,"_coverageSchema":"1a1c01bbd47fc00a2c39e90264f33305004495a9","hash":"7ea9741347cab186d4c0115b12e1b5fc36623827"}
,"C:\\Users\\aloks\\URL-Shortener\\backend\\services\\urlService.js": {"path":"C:\\Users\\aloks\\URL-Shortener\\backend\\services\\urlService.js","statementMap":{"0":{"start":{"line":8,"column":26},"end":{"line":8,"column":49}},"1":{"start":{"line":10,"column":30},"end":{"line":59,"column":1}},"2":{"start":{"line":11,"column":2},"end":{"line":13,"column":3}},"3":{"start":{"line":12,"column":4},"end":{"line":12,"column":74}},"4":{"start":{"line":15,"column":2},"end":{"line":23,"column":3}},"5":{"start":{"line":16,"column":4},"end":{"line":18,"column":5}},"6":{"start":{"line":17,"column":6},"end":{"line":17,"column":57}},"7":{"start":{"line":19,"column":21},"end":{"line":19,"column":55}},"8":{"start":{"line":20,"column":4},"end":{"line":22,"column":5}},"9":{"start":{"line":21,"column":6},"end":{"line":21,"column":64}},"10":{"start":{"line":25,"column":18},"end":{"line":25,"column":29}},"11":{"start":{"line":27,"column":2},"end":{"line":48,"column":3}},"12":{"start":{"line":30,"column":4},"end":{"line":37,"column":5}},"13":{"start":{"line":31,"column":6},"end":{"line":31,"column":58}},"14":{"start":{"line":33,"column":6},"end":{"line":33,"column":23}},"15":{"start":{"line":35,"column":6},"end":{"line":35,"column":81}},"16":{"start":{"line":36,"column":6},"end":{"line":36,"column":60}},"17":{"start":{"line":39,"column":4},"end":{"line":39,"column":32}},"18":{"start":{"line":42,"column":22},"end":{"line":42,"column":54}},"19":{"start":{"line":43,"column":4},"end":{"line":47,"column":5}},"20":{"start":{"line":44,"column":6},"end":{"line":44,"column":16}},"21":{"start":{"line":45,"column":6},"end":{"line":45,"column":34}},"22":{"start":{"line":46,"column":6},"end":{"line":46,"column":53}},"23":{"start":{"line":51,"column":17},"end":{"line":56,"column":4}},"24":{"start":{"line":58,"column":2},"end":{"line":58,"column":16}},"25":{"start":{"line":61,"column":31},"end":{"line":98,"column":1}},"26":{"start":{"line":62,"column":19},"end":{"line":62,"column":37}},"27":{"start":{"line":64,"column":2},"end":{"line":97,"column":3}},"28":{"start":{"line":66,"column":22},"end":{"line":66,"column":53}},"29":{"start":{"line":68,"column":4},"end":{"line":72,"column":5}},"30":{"start":{"line":70,"column":6},"end":{"line":70,"column":40}},"31":{"start":{"line":71,"column":6},"end":{"line":71,"column":23}},"32":{"start":{"line":75,"column":19},"end":{"line":75,"column":51}},"33":{"start":{"line":76,"column":4},"end":{"line":78,"column":5}},"34":{"start":{"line":77,"column":6},"end":{"line":77,"column":50}},"35":{"start":{"line":81,"column":4},"end":{"line":83,"column":5}},"36":{"start":{"line":82,"column":6},"end":{"line":82,"column":57}},"37":{"start":{"line":86,"column":4},"end":{"line":86,"column":69}},"38":{"start":{"line":89,"column":4},"end":{"line":89,"column":64}},"39":{"start":{"line":92,"column":4},"end":{"line":92,"column":38}},"40":{"start":{"line":94,"column":4},"end":{"line":94,"column":30}},"41":{"start":{"line":96,"column":4},"end":{"line":96,"column":14}},"42":{"start":{"line":100,"column":31},"end":{"line":125,"column":1}},"43":{"start":{"line":102,"column":19},"end":{"line":102,"column":39}},"44":{"start":{"line":103,"column":21},"end":{"line":103,"column":52}},"45":{"start":{"line":104,"column":2},"end":{"line":104,"column":48}},"46":{"start":{"line":104,"column":18},"end":{"line":104,"column":48}},"47":{"start":{"line":106,"column":17},"end":{"line":106,"column":49}},"48":{"start":{"line":107,"column":2},"end":{"line":109,"column":3}},"49":{"start":{"line":108,"column":4},"end":{"line":108,"column":48}},"50":{"start":{"line":112,"column":17},"end":{"line":112,"column":83}},"51":{"start":{"line":114,"column":16},"end":{"line":121,"column":3}},"52":{"start":{"line":123,"column":2},"end":{"line":123,"column":63}},"53":{"start":{"line":124,"column":2},"end":{"line":124,"column":15}},"54":{"start":{"line":127,"column":30},"end":{"line":139,"column":1}},"55":{"start":{"line":128,"column":17},"end":{"line":128,"column":58}},"56":{"start":{"line":129,"column":2},"end":{"line":131,"column":3}},"57":{"start":{"line":130,"column":4},"end":{"line":130,"column":48}},"58":{"start":{"line":134,"column":2},"end":{"line":134,"column":44}},"59":{"start":{"line":135,"column":2},"end":{"line":135,"column":46}},"60":{"start":{"line":136,"column":2},"end":{"line":136,"column":41}},"61":{"start":{"line":138,"column":2},"end":{"line":138,"column":14}},"62":{"start":{"line":141,"column":30},"end":{"line":177,"column":1}},"63":{"start":{"line":142,"column":25},"end":{"line":142,"column":53}},"64":{"start":{"line":143,"column":24},"end":{"line":143,"column":26}},"65":{"start":{"line":145,"column":2},"end":{"line":149,"column":3}},"66":{"start":{"line":146,"column":4},"end":{"line":148,"column":5}},"67":{"start":{"line":147,"column":6},"end":{"line":147,"column":40}},"68":{"start":{"line":151,"column":2},"end":{"line":159,"column":3}},"69":{"start":{"line":152,"column":4},"end":{"line":154,"column":5}},"70":{"start":{"line":153,"column":6},"end":{"line":153,"column":57}},"71":{"start":{"line":155,"column":21},"end":{"line":155,"column":76}},"72":{"start":{"line":156,"column":4},"end":{"line":158,"column":5}},"73":{"start":{"line":157,"column":6},"end":{"line":157,"column":64}},"74":{"start":{"line":161,"column":21},"end":{"line":165,"column":3}},"75":{"start":{"line":167,"column":2},"end":{"line":169,"column":3}},"76":{"start":{"line":168,"column":4},"end":{"line":168,"column":48}},"77":{"start":{"line":172,"column":2},"end":{"line":172,"column":44}},"78":{"start":{"line":173,"column":2},"end":{"line":173,"column":57}},"79":{"start":{"line":174,"column":2},"end":{"line":174,"column":46}},"80":{"start":{"line":176,"column":2},"end":{"line":176,"column":20}},"81":{"start":{"line":180,"column":22},"end":{"line":195,"column":1}},"82":{"start":{"line":181,"column":2},"end":{"line":194,"column":5}},"83":{"start":{"line":182,"column":4},"end":{"line":193,"column":5}},"84":{"start":{"line":183,"column":6},"end":{"line":189,"column":9}},"85":{"start":{"line":190,"column":6},"end":{"line":190,"column":63}},"86":{"start":{"line":192,"column":6},"end":{"line":192,"column":77}}},"fnMap":{"0":{"name":"(anonymous_0)","decl":{"start":{"line":10,"column":30},"end":{"line":10,"column":31}},"loc":{"start":{"line":10,"column":81},"end":{"line":59,"column":1}},"line":10},"1":{"name":"(anonymous_1)","decl":{"start":{"line":61,"column":31},"end":{"line":61,"column":32}},"loc":{"start":{"line":61,"column":61},"end":{"line":98,"column":1}},"line":61},"2":{"name":"(anonymous_2)","decl":{"start":{"line":100,"column":31},"end":{"line":100,"column":32}},"loc":{"start":{"line":100,"column":52},"end":{"line":125,"column":1}},"line":100},"3":{"name":"(anonymous_3)","decl":{"start":{"line":127,"column":30},"end":{"line":127,"column":31}},"loc":{"start":{"line":127,"column":51},"end":{"line":139,"column":1}},"line":127},"4":{"name":"(anonymous_4)","decl":{"start":{"line":141,"column":30},"end":{"line":141,"column":31}},"loc":{"start":{"line":141,"column":60},"end":{"line":177,"column":1}},"line":141},"5":{"name":"(anonymous_5)","decl":{"start":{"line":180,"column":22},"end":{"line":180,"column":23}},"loc":{"start":{"line":180,"column":65},"end":{"line":195,"column":1}},"line":180},"6":{"name":"(anonymous_6)","decl":{"start":{"line":181,"column":15},"end":{"line":181,"column":16}},"loc":{"start":{"line":181,"column":27},"end":{"line":194,"column":3}},"line":181}},"branchMap":{"0":{"loc":{"start":{"line":10,"column":63},"end":{"line":10,"column":76}},"type":"default-arg","locations":[{"start":{"line":10,"column":72},"end":{"line":10,"column":76}}],"line":10},"1":{"loc":{"start":{"line":11,"column":2},"end":{"line":13,"column":3}},"type":"if","locations":[{"start":{"line":11,"column":2},"end":{"line":13,"column":3}},{"start":{},"end":{}}],"line":11},"2":{"loc":{"start":{"line":15,"column":2},"end":{"line":23,"column":3}},"type":"if","locations":[{"start":{"line":15,"column":2},"end":{"line":23,"column":3}},{"start":{},"end":{}}],"line":15},"3":{"loc":{"start":{"line":16,"column":4},"end":{"line":18,"column":5}},"type":"if","locations":[{"start":{"line":16,"column":4},"end":{"line":18,"column":5}},{"start":{},"end":{}}],"line":16},"4":{"loc":{"start":{"line":20,"column":4},"end":{"line":22,"column":5}},"type":"if","locations":[{"start":{"line":20,"column":4},"end":{"line":22,"column":5}},{"start":{},"end":{}}],"line":20},"5":{"loc":{"start":{"line":27,"column":2},"end":{"line":48,"column":3}},"type":"if","locations":[{"start":{"line":27,"column":2},"end":{"line":48,"column":3}},{"start":{},"end":{}}],"line":27},"6":{"loc":{"start":{"line":54,"column":17},"end":{"line":54,"column":41}},"type":"binary-expr","locations":[{"start":{"line":54,"column":17},"end":{"line":54,"column":28}},{"start":{"line":54,"column":32},"end":{"line":54,"column":41}}],"line":54},"7":{"loc":{"start":{"line":68,"column":4},"end":{"line":72,"column":5}},"type":"if","locations":[{"start":{"line":68,"column":4},"end":{"line":72,"column":5}},{"start":{},"end":{}}],"line":68},"8":{"loc":{"start":{"line":76,"column":4},"end":{"line":78,"column":5}},"type":"if","locations":[{"start":{"line":76,"column":4},"end":{"line":78,"column":5}},{"start":{},"end":{}}],"line":76},"9":{"loc":{"start":{"line":81,"column":4},"end":{"line":83,"column":5}},"type":"if","locations":[{"start":{"line":81,"column":4},"end":{"line":83,"column":5}},{"start":{},"end":{}}],"line":81},"10":{"loc":{"start":{"line":81,"column":8},"end":{"line":81,"column":57}},"type":"binary-expr","locations":[{"start":{"line":81,"column":8},"end":{"line":81,"column":24}},{"start":{"line":81,"column":28},"end":{"line":81,"column":57}}],"line":81},"11":{"loc":{"start":{"line":104,"column":2},"end":{"line":104,"column":48}},"type":"if","locations":[{"start":{"line":104,"column":2},"end":{"line":104,"column":48}},{"start":{},"end":{}}],"line":104},"12":{"loc":{"start":{"line":107,"column":2},"end":{"line":109,"column":3}},"type":"if","locations":[{"start":{"line":107,"column":2},"end":{"line":109,"column":3}},{"start":{},"end":{}}],"line":107},"13":{"loc":{"start":{"line":129,"column":2},"end":{"line":131,"column":3}},"type":"if","locations":[{"start":{"line":129,"column":2},"end":{"line":131,"column":3}},{"start":{},"end":{}}],"line":129},"14":{"loc":{"start":{"line":146,"column":4},"end":{"line":148,"column":5}},"type":"if","locations":[{"start":{"line":146,"column":4},"end":{"line":148,"column":5}},{"start":{},"end":{}}],"line":146},"15":{"loc":{"start":{"line":151,"column":2},"end":{"line":159,"column":3}},"type":"if","locations":[{"start":{"line":151,"column":2},"end":{"line":159,"column":3}},{"start":{},"end":{}}],"line":151},"16":{"loc":{"start":{"line":152,"column":4},"end":{"line":154,"column":5}},"type":"if","locations":[{"start":{"line":152,"column":4},"end":{"line":154,"column":5}},{"start":{},"end":{}}],"line":152},"17":{"loc":{"start":{"line":156,"column":4},"end":{"line":158,"column":5}},"type":"if","locations":[{"start":{"line":156,"column":4},"end":{"line":158,"column":5}},{"start":{},"end":{}}],"line":156},"18":{"loc":{"start":{"line":156,"column":8},"end":{"line":156,"column":52}},"type":"binary-expr","locations":[{"start":{"line":156,"column":8},"end":{"line":156,"column":16}},{"start":{"line":156,"column":20},"end":{"line":156,"column":52}}],"line":156},"19":{"loc":{"start":{"line":167,"column":2},"end":{"line":169,"column":3}},"type":"if","locations":[{"start":{"line":167,"column":2},"end":{"line":169,"column":3}},{"start":{},"end":{}}],"line":167}},"s":{"0":1,"1":1,"2":0,"3":0,"4":0,"5":0,"6":0,"7":0,"8":0,"9":0,"10":0,"11":0,"12":0,"13":0,"14":0,"15":0,"16":0,"17":0,"18":0,"19":0,"20":0,"21":0,"22":0,"23":0,"24":0,"25":1,"26":0,"27":0,"28":0,"29":0,"30":0,"31":0,"32":0,"33":0,"34":0,"35":0,"36":0,"37":0,"38":0,"39":0,"40":0,"41":0,"42":1,"43":0,"44":0,"45":0,"46":0,"47":0,"48":0,"49":0,"50":0,"51":0,"52":0,"53":0,"54":1,"55":0,"56":0,"57":0,"58":0,"59":0,"60":0,"61":0,"62":1,"63":0,"64":0,"65":0,"66":0,"67":0,"68":0,"69":0,"70":0,"71":0,"72":0,"73":0,"74":0,"75":0,"76":0,"77":0,"78":0,"79":0,"80":0,"81":1,"82":0,"83":0,"84":0,"85":0,"86":0},"f":{"0":0,"1":0,"2":0,"3":0,"4":0,"5":0,"6":0},"b":{"0":[0],"1":[0,0],"2":[0,0],"3":[0,0],"4":[0,0],"5":[0,0],"6":[0,0],"7":[0,0],"8":[0,0],"9":[0,0],"10":[0,0],"11":[0,0],"12":[0,0],"13":[0,0],"14":[0,0],"15":[0,0],"16":[0,0],"17":[0,0],"18":[0,0],"19":[0,0]},"inputSourceMap":null,"_coverageSchema":"1a1c01bbd47fc00a2c39e90264f33305004495a9","hash":"abdd96fe69edb1e373e630efb892da37bc328746"}
,"C:\\Users\\aloks\\URL-Shortener\\backend\\utils\\base62.js": {"path":"C:\\Users\\aloks\\URL-Shortener\\backend\\utils\\base62.js","statementMap":{"0":{"start":{"line":1,"column":17},"end":{"line":1,"column":81}},"1":{"start":{"line":2,"column":13},"end":{"line":2,"column":28}},"2":{"start":{"line":10,"column":2},"end":{"line":10,"column":36}},"3":{"start":{"line":10,"column":17},"end":{"line":10,"column":36}},"4":{"start":{"line":11,"column":12},"end":{"line":11,"column":14}},"5":{"start":{"line":12,"column":2},"end":{"line":15,"column":3}},"6":{"start":{"line":13,"column":4},"end":{"line":13,"column":37}},"7":{"start":{"line":14,"column":4},"end":{"line":14,"column":33}},"8":{"start":{"line":16,"column":2},"end":{"line":16,"column":13}}},"fnMap":{"0":{"name":"encode","decl":{"start":{"line":9,"column":16},"end":{"line":9,"column":22}},"loc":{"start":{"line":9,"column":28},"end":{"line":17,"column":1}},"line":9}},"branchMap":{"0":{"loc":{"start":{"line":10,"column":2},"end":{"line":10,"column":36}},"type":"if","locations":[{"start":{"line":10,"column":2},"end":{"line":10,"column":36}},{"start":{},"end":{}}],"line":10}},"s":{"0":1,"1":1,"2":0,"3":0,"4":0,"5":0,"6":0,"7":0,"8":0},"f":{"0":0},"b":{"0":[0,0]},"inputSourceMap":null,"_coverageSchema":"1a1c01bbd47fc00a2c39e90264f33305004495a9","hash":"0c7af22b1996df70f896592a2103dc6c22bf4994"}
,"C:\\Users\\aloks\\URL-Shortener\\backend\\utils\\validator.js": {"path":"C:\\Users\\aloks\\URL-Shortener\\backend\\utils\\validator.js","statementMap":{"0":{"start":{"line":3,"column":23},"end":{"line":3,"column":87}},"1":{"start":{"line":9,"column":34},"end":{"line":27,"column":1}},"2":{"start":{"line":10,"column":2},"end":{"line":10,"column":46}},"3":{"start":{"line":10,"column":33},"end":{"line":10,"column":46}},"4":{"start":{"line":13,"column":2},"end":{"line":20,"column":3}},"5":{"start":{"line":19,"column":4},"end":{"line":19,"column":17}},"6":{"start":{"line":23,"column":19},"end":{"line":23,"column":36}},"7":{"start":{"line":24,"column":2},"end":{"line":24,"column":87}},"8":{"start":{"line":24,"column":74},"end":{"line":24,"column":87}},"9":{"start":{"line":26,"column":2},"end":{"line":26,"column":14}},"10":{"start":{"line":32,"column":34},"end":{"line":41,"column":1}},"11":{"start":{"line":33,"column":2},"end":{"line":33,"column":26}},"12":{"start":{"line":33,"column":14},"end":{"line":33,"column":26}},"13":{"start":{"line":35,"column":2},"end":{"line":35,"column":38}},"14":{"start":{"line":35,"column":25},"end":{"line":35,"column":38}},"15":{"start":{"line":36,"column":2},"end":{"line":36,"column":53}},"16":{"start":{"line":36,"column":40},"end":{"line":36,"column":53}},"17":{"start":{"line":38,"column":2},"end":{"line":38,"column":65}},"18":{"start":{"line":38,"column":52},"end":{"line":38,"column":65}},"19":{"start":{"line":40,"column":2},"end":{"line":40,"column":14}}},"fnMap":{"0":{"name":"(anonymous_0)","decl":{"start":{"line":9,"column":34},"end":{"line":9,"column":35}},"loc":{"start":{"line":9,"column":43},"end":{"line":27,"column":1}},"line":9},"1":{"name":"(anonymous_1)","decl":{"start":{"line":32,"column":34},"end":{"line":32,"column":35}},"loc":{"start":{"line":32,"column":45},"end":{"line":41,"column":1}},"line":32}},"branchMap":{"0":{"loc":{"start":{"line":10,"column":2},"end":{"line":10,"column":46}},"type":"if","locations":[{"start":{"line":10,"column":2},"end":{"line":10,"column":46}},{"start":{},"end":{}}],"line":10},"1":{"loc":{"start":{"line":10,"column":6},"end":{"line":10,"column":31}},"type":"binary-expr","locations":[{"start":{"line":10,"column":6},"end":{"line":10,"column":10}},{"start":{"line":10,"column":14},"end":{"line":10,"column":31}}],"line":10},"2":{"loc":{"start":{"line":13,"column":2},"end":{"line":20,"column":3}},"type":"if","locations":[{"start":{"line":13,"column":2},"end":{"line":20,"column":3}},{"start":{},"end":{}}],"line":13},"3":{"loc":{"start":{"line":24,"column":2},"end":{"line":24,"column":87}},"type":"if","locations":[{"start":{"line":24,"column":2},"end":{"line":24,"column":87}},{"start":{},"end":{}}],"line":24},"4":{"loc":{"start":{"line":24,"column":6},"end":{"line":24,"column":72}},"type":"binary-expr","locations":[{"start":{"line":24,"column":6},"end":{"line":24,"column":40}},{"start":{"line":24,"column":44},"end":{"line":24,"column":72}}],"line":24},"5":{"loc":{"start":{"line":33,"column":2},"end":{"line":33,"column":26}},"type":"if","locations":[{"start":{"line":33,"column":2},"end":{"line":33,"column":26}},{"start":{},"end":{}}],"line":33},"6":{"loc":{"start":{"line":35,"column":2},"end":{"line":35,"column":38}},"type":"if","locations":[{"start":{"line":35,"column":2},"end":{"line":35,"column":38}},{"start":{},"end":{}}],"line":35},"7":{"loc":{"start":{"line":36,"column":2},"end":{"line":36,"column":53}},"type":"if","locations":[{"start":{"line":36,"column":2},"end":{"line":36,"column":53}},{"start":{},"end":{}}],"line":36},"8":{"loc":{"start":{"line":38,"column":2},"end":{"line":38,"column":65}},"type":"if","locations":[{"start":{"line":38,"column":2},"end":{"line":38,"column":65}},{"start":{},"end":{}}],"line":38}},"s":{"0":1,"1":1,"2":0,"3":0,"4":0,"5":0,"6":0,"7":0,"8":0,"9":0,"10":1,"11":0,"12":0,"13":0,"14":0,"15":0,"16":0,"17":0,"18":0,"19":0},"f":{"0":0,"1":0},"b":{"0":[0,0],"1":[0,0],"2":[0,0],"3":[0,0],"4":[0,0],"5":[0,0],"6":[0,0],"7":[0,0],"8":[0,0]},"inputSourceMap":null,"_coverageSchema":"1a1c01bbd47fc00a2c39e90264f33305004495a9","hash":"ddaca0c1d226efef1478313034f47f297db3a5e4"}
}
