TN:
SF:connect.js
FN:3,connectToMongoDB
FNF:1
FNH:1
FNDA:1,connectToMongoDB
DA:4,1
LF:1
LH:1
BRF:0
BRH:0
end_of_record
TN:
SF:index.js
FN:21,(anonymous_0)
FN:22,(anonymous_1)
FN:46,(anonymous_2)
FNF:3
FNH:0
FNDA:0,(anonymous_0)
FNDA:0,(anonymous_1)
FNDA:0,(anonymous_2)
DA:14,1
DA:16,1
DA:17,1
DA:20,1
DA:21,0
DA:22,0
DA:24,1
DA:27,1
DA:28,1
DA:29,1
DA:30,1
DA:31,1
DA:32,0
DA:33,1
DA:34,0
DA:38,1
DA:39,1
DA:42,1
DA:45,1
DA:46,0
DA:47,0
LF:21
LH:15
BRDA:17,0,0,1
BRDA:17,0,1,0
BRDA:20,1,0,1
BRDA:20,1,1,0
BRDA:31,2,0,0
BRDA:31,2,1,1
BRDA:31,3,0,1
BRDA:31,3,1,1
BRDA:33,4,0,0
BRDA:33,4,1,1
BRDA:33,5,0,1
BRDA:33,5,1,1
BRDA:33,5,2,0
BRDA:45,6,0,0
BRDA:45,6,1,1
BRF:15
BRH:9
end_of_record
TN:
SF:redis.js
FN:9,(anonymous_0)
FN:10,(anonymous_1)
FN:13,(anonymous_2)
FNF:3
FNH:2
FNDA:7,(anonymous_0)
FNDA:0,(anonymous_1)
FNDA:1,(anonymous_2)
DA:3,1
DA:5,1
DA:9,7
DA:10,1
DA:13,1
DA:14,1
DA:15,1
DA:17,0
LF:8
LH:7
BRDA:6,0,0,1
BRDA:6,0,1,0
BRF:2
BRH:1
end_of_record
TN:
SF:controllers\urlController.js
FN:3,(anonymous_0)
FN:21,(anonymous_1)
FN:45,(anonymous_2)
FN:60,(anonymous_3)
FN:75,(anonymous_4)
FNF:5
FNH:0
FNDA:0,(anonymous_0)
FNDA:0,(anonymous_1)
FNDA:0,(anonymous_2)
FNDA:0,(anonymous_3)
FNDA:0,(anonymous_4)
DA:3,1
DA:4,0
DA:5,0
DA:6,0
DA:8,0
DA:17,0
DA:21,1
DA:22,0
DA:23,0
DA:25,0
DA:31,0
DA:32,0
DA:35,0
DA:36,0
DA:38,0
DA:39,0
DA:41,0
DA:45,1
DA:46,0
DA:47,0
DA:48,0
DA:50,0
DA:56,0
DA:60,1
DA:61,0
DA:62,0
DA:63,0
DA:65,0
DA:71,0
DA:75,1
DA:76,0
DA:77,0
DA:78,0
DA:80,0
DA:82,0
DA:88,0
LF:36
LH:5
BRDA:26,0,0,0
BRDA:26,0,1,0
BRDA:27,1,0,0
BRDA:27,1,1,0
BRDA:28,2,0,0
BRDA:28,2,1,0
BRDA:28,2,2,0
BRDA:35,3,0,0
BRDA:35,3,1,0
BRDA:38,4,0,0
BRDA:38,4,1,0
BRF:11
BRH:0
end_of_record
TN:
SF:middlewares\errorHandler.js
FN:1,(anonymous_0)
FN:14,(anonymous_1)
FNF:2
FNH:0
FNDA:0,(anonymous_0)
FNDA:0,(anonymous_1)
DA:1,1
DA:2,0
DA:4,0
DA:5,0
DA:7,0
DA:15,0
DA:16,0
LF:7
LH:1
BRDA:2,0,0,0
BRDA:2,0,1,0
BRDA:4,1,0,0
BRDA:4,1,1,0
BRDA:5,2,0,0
BRDA:5,2,1,0
BRF:6
BRH:0
end_of_record
TN:
SF:middlewares\rateLimiter.js
FN:10,(anonymous_0)
FN:19,(anonymous_1)
FNF:2
FNH:2
FNDA:2,(anonymous_0)
FNDA:2,(anonymous_1)
DA:5,1
DA:10,2
DA:14,1
DA:19,2
LF:4
LH:4
BRF:0
BRH:0
end_of_record
TN:
SF:models\Click.js
FNF:0
FNH:0
DA:3,1
DA:19,1
LF:2
LH:2
BRF:0
BRH:0
end_of_record
TN:
SF:models\Url.js
FNF:0
FNH:0
DA:3,1
DA:33,1
LF:2
LH:2
BRF:0
BRH:0
end_of_record
TN:
SF:routes\apiRoutes.js
FNF:0
FNH:0
DA:5,1
DA:7,1
DA:8,1
DA:9,1
DA:10,1
LF:5
LH:5
BRF:0
BRH:0
end_of_record
TN:
SF:routes\redirectRoutes.js
FNF:0
FNH:0
DA:5,1
DA:7,1
LF:2
LH:2
BRF:0
BRH:0
end_of_record
TN:
SF:services\urlService.js
FN:10,(anonymous_0)
FN:61,(anonymous_1)
FN:100,(anonymous_2)
FN:127,(anonymous_3)
FN:141,(anonymous_4)
FN:180,(anonymous_5)
FN:181,(anonymous_6)
FNF:7
FNH:0
FNDA:0,(anonymous_0)
FNDA:0,(anonymous_1)
FNDA:0,(anonymous_2)
FNDA:0,(anonymous_3)
FNDA:0,(anonymous_4)
FNDA:0,(anonymous_5)
FNDA:0,(anonymous_6)
DA:8,1
DA:10,1
DA:11,0
DA:12,0
DA:15,0
DA:16,0
DA:17,0
DA:19,0
DA:20,0
DA:21,0
DA:25,0
DA:27,0
DA:30,0
DA:31,0
DA:33,0
DA:35,0
DA:36,0
DA:39,0
DA:42,0
DA:43,0
DA:44,0
DA:45,0
DA:46,0
DA:51,0
DA:58,0
DA:61,1
DA:62,0
DA:64,0
DA:66,0
DA:68,0
DA:70,0
DA:71,0
DA:75,0
DA:76,0
DA:77,0
DA:81,0
DA:82,0
DA:86,0
DA:89,0
DA:92,0
DA:94,0
DA:96,0
DA:100,1
DA:102,0
DA:103,0
DA:104,0
DA:106,0
DA:107,0
DA:108,0
DA:112,0
DA:114,0
DA:123,0
DA:124,0
DA:127,1
DA:128,0
DA:129,0
DA:130,0
DA:134,0
DA:135,0
DA:136,0
DA:138,0
DA:141,1
DA:142,0
DA:143,0
DA:145,0
DA:146,0
DA:147,0
DA:151,0
DA:152,0
DA:153,0
DA:155,0
DA:156,0
DA:157,0
DA:161,0
DA:167,0
DA:168,0
DA:172,0
DA:173,0
DA:174,0
DA:176,0
DA:180,1
DA:181,0
DA:182,0
DA:183,0
DA:190,0
DA:192,0
LF:86
LH:7
BRDA:10,0,0,0
BRDA:11,1,0,0
BRDA:11,1,1,0
BRDA:15,2,0,0
BRDA:15,2,1,0
BRDA:16,3,0,0
BRDA:16,3,1,0
BRDA:20,4,0,0
BRDA:20,4,1,0
BRDA:27,5,0,0
BRDA:27,5,1,0
BRDA:54,6,0,0
BRDA:54,6,1,0
BRDA:68,7,0,0
BRDA:68,7,1,0
BRDA:76,8,0,0
BRDA:76,8,1,0
BRDA:81,9,0,0
BRDA:81,9,1,0
BRDA:81,10,0,0
BRDA:81,10,1,0
BRDA:104,11,0,0
BRDA:104,11,1,0
BRDA:107,12,0,0
BRDA:107,12,1,0
BRDA:129,13,0,0
BRDA:129,13,1,0
BRDA:146,14,0,0
BRDA:146,14,1,0
BRDA:151,15,0,0
BRDA:151,15,1,0
BRDA:152,16,0,0
BRDA:152,16,1,0
BRDA:156,17,0,0
BRDA:156,17,1,0
BRDA:156,18,0,0
BRDA:156,18,1,0
BRDA:167,19,0,0
BRDA:167,19,1,0
BRF:39
BRH:0
end_of_record
TN:
SF:utils\base62.js
FN:9,encode
FNF:1
FNH:0
FNDA:0,encode
DA:1,1
DA:2,1
DA:10,0
DA:11,0
DA:12,0
DA:13,0
DA:14,0
DA:16,0
LF:8
LH:2
BRDA:10,0,0,0
BRDA:10,0,1,0
BRF:2
BRH:0
end_of_record
TN:
SF:utils\validator.js
FN:9,(anonymous_0)
FN:32,(anonymous_1)
FNF:2
FNH:0
FNDA:0,(anonymous_0)
FNDA:0,(anonymous_1)
DA:3,1
DA:9,1
DA:10,0
DA:13,0
DA:19,0
DA:23,0
DA:24,0
DA:26,0
DA:32,1
DA:33,0
DA:35,0
DA:36,0
DA:38,0
DA:40,0
LF:14
LH:3
BRDA:10,0,0,0
BRDA:10,0,1,0
BRDA:10,1,0,0
BRDA:10,1,1,0
BRDA:13,2,0,0
BRDA:13,2,1,0
BRDA:24,3,0,0
BRDA:24,3,1,0
BRDA:24,4,0,0
BRDA:24,4,1,0
BRDA:33,5,0,0
BRDA:33,5,1,0
BRDA:35,6,0,0
BRDA:35,6,1,0
BRDA:36,7,0,0
BRDA:36,7,1,0
BRDA:38,8,0,0
BRDA:38,8,1,0
BRF:18
BRH:0
end_of_record
